#                                            ID                                       # sources in
# Name                    RA       Dec      Number   Rate/s   err/s     sigma  t(sec)  src  bkgd
PSZ1_G001.00+25.71  244.5841 -13.0701    1.00 -0.00260  0.00387  -0.67  1147.58    0    0
PSZ1_G003.09-22.51  292.1644 -35.7111    2.00 -0.00568  0.00773  -0.73   299.20    0    0
PSZ1_G003.60-24.45  294.6129 -35.8392    3.00  0.00352  0.00953   0.37   293.71    0    0
PSZ1_G011.35-72.94  354.0719 -32.1349    4.00  0.00586  0.01569   0.37   127.19    0    0
PSZ1_G011.50-40.11  314.9335 -32.8485    5.00 -0.00415  0.00442  -0.94   453.99    0    0
PSZ1_G012.48+27.36  249.3729  -3.8186    6.00 -0.00508  0.00384  -1.32   604.54    0    0
PSZ1_G012.66+25.79  250.7751  -4.5418    7.00  0.00038  0.00632   0.06   476.51    0    0
PSZ1_G015.42+58.42  223.8901  14.3771    8.00 -0.00018  0.00842  -0.02   358.09    0    1
PSZ1_G017.05-22.67  297.2689 -23.6063    9.00 -0.00033  0.00856  -0.04   269.46    0    0
PSZ1_G017.35-23.56  298.2799 -23.6660   10.00  0.00092  0.00998   0.09   280.80    0    2
PSZ1_G023.38-33.46  310.3287 -21.9966   11.00  0.00435  0.01248   0.35   184.69    0    1
PSZ1_G027.75+15.41  266.8087   2.5088   12.00  0.00046  0.00926   0.05   401.80    0    1
PSZ1_G030.98+22.43  261.8935   8.3955   13.00  0.00594  0.00916   0.65   523.40    0    0
PSZ1_G031.41+28.75  256.2632  11.4604   14.00  0.00126  0.00762   0.17   546.41    0    0
PSZ1_G032.76+42.33  243.7742  17.7735   15.00  0.00326  0.00618   0.53   547.55    0    0
PSZ1_G036.02+12.21  273.3037   8.2464   16.00  0.00134  0.00795   0.17   378.94    0    0
PSZ1_G038.25-58.36  339.0529 -20.1780   17.00 -0.00717  0.00656  -1.09   245.18    0    0
PSZ1_G040.33-16.55  300.9136  -1.1441   18.00  0.00292  0.01098   0.27   233.92    0    0
PSZ1_G042.96+19.11  269.7692  17.2110   19.00  0.00474  0.00871   0.54   345.51    0    1
PSZ1_G046.02-09.13  297.0567   7.2819   20.00 -0.00911  0.00389  -2.34   244.67    0    0
PSZ1_G050.01-16.88  305.7798   6.7590   21.00 -0.00775  0.00380  -2.04   425.26    0    1
PSZ1_G051.42-26.16  314.3881   2.9996   22.00  0.00690  0.00662   1.04   453.72    0    0
PSZ1_G052.93+10.44  282.3713  22.4613   23.00 -0.00218  0.00392  -0.56   589.54    0    0
PSZ1_G053.50+09.56  283.4861  22.5893   24.00  0.00383  0.00504   0.76   596.45    0    0
PSZ1_G054.59-18.18  309.2329   9.7781   25.00  0.00567  0.00686   0.83   493.22    0    1
PSZ1_G055.83-41.64  329.3084  -2.5308   26.00 -0.00052  0.00670  -0.08   344.88    0    1
PSZ1_G057.42-10.77  304.3561  16.0925   27.00  0.07551  0.01374   5.49   520.78    1    0
PSZ1_G058.77-26.14  318.0891   8.4707   28.00 -0.00790  0.00424  -1.87   475.45    0    1
PSZ1_G059.99+11.06  285.0123  29.0061   29.00  0.00057  0.00533   0.11   668.01    0    1
PSZ1_G060.51-19.54  313.5970  13.6351   30.00 -0.00641  0.00407  -1.58   494.31    0    0
PSZ1_G064.30+30.58  264.1826  39.1151   31.00  0.00155  0.00403   0.38   960.10    0    0
PSZ1_G075.29+26.66  272.1519  47.7808   32.00 -0.00334  0.00320  -1.05  1348.07    0    0
PSZ1_G081.56+31.03  266.5520  53.8466   33.00 -0.00033  0.00271  -0.12  1812.87    0    0
PSZ1_G083.35+76.41  203.6810  37.1797   34.00  0.98436  0.04229  23.27   578.94    1    1
PSZ1_G090.48+46.89  236.3188  57.7906   35.00  0.00422  0.00376   1.12  1174.73    0    0
PSZ1_G091.73-30.23  343.1745  25.3469   36.00  0.00543  0.00611   0.89   492.11    0    0
PSZ1_G094.95-36.72  349.1197  20.9304   37.00 -0.00602  0.00343  -1.75   469.96    0    0
PSZ1_G096.44-10.40  334.8965  44.5181   38.00 -0.00197  0.00317  -0.62   631.45    0    0
PSZ1_G098.67-07.03  334.8387  48.5422   39.00  0.00690  0.00622   1.11   571.37    0    0
PSZ1_G098.85-07.27  335.2718  48.4426   40.00 -0.00057  0.00488  -0.12   574.32    0    0
PSZ1_G100.46-61.45    2.3364  -0.4324   41.00  0.00037  0.00622   0.06   370.86    0    0
PSZ1_G102.97-04.77  338.6974  52.7205   42.00  0.00976  0.00695   1.40   533.61    0    0
PSZ1_G103.16-14.95  345.9663  43.7511   43.00 -0.00108  0.00486  -0.22   475.02    0    0
PSZ1_G103.24+16.92  308.0569  69.1322   44.00 -0.00196  0.00233  -0.84  1108.01    0    0
PSZ1_G103.50+31.36  264.1904  72.5537   45.00  0.01334  0.00286   4.67  2850.77    0    0
PSZ1_G103.56-39.35  356.9042  21.1032   46.00 -0.00606  0.00213  -2.85   449.65    0    0
PSZ1_G105.91-38.39  358.4756  22.5725   47.00  0.00269  0.00488   0.55   573.33    0    0
PSZ1_G106.07-17.42  350.7993  42.5372   48.00 -0.00327  0.00531  -0.62   528.79    0    1
PSZ1_G106.81-36.44  358.6377  24.6412   49.00 -0.00365  0.00581  -0.63   276.33    0    0
PSZ1_G108.13-09.21  349.2886  50.9235   50.00  0.00120  0.00723   0.17   276.00    0    0
PSZ1_G108.90-52.04    4.1567   9.8806   51.00 -0.00244  0.00314  -0.78   638.23    0    0
PSZ1_G109.09-52.45    4.3624   9.4993   52.00  0.00084  0.00407   0.21   631.28    0    0
PSZ1_G112.60-39.30    4.2007  22.8716   53.00 -0.00235  0.00500  -0.47   400.82    0    0
PSZ1_G117.29+13.44  350.6890  75.3353   54.00  0.01118  0.00542   2.06   738.60    0    0
PSZ1_G118.61+10.55  358.2684  72.9377   55.00  0.00228  0.00473   0.48   678.13    0    0
PSZ1_G118.87+42.71  203.7637  74.0655   56.00 -0.00008  0.01252  -0.01   127.77    0    0
PSZ1_G121.27+23.08  352.1641  85.6886   57.00  0.00416  0.00536   0.78   693.00    0    0
PSZ1_G121.69+24.47  349.7649  87.1175   58.00 -0.00159  0.00371  -0.43   693.80    0    0
PSZ1_G123.39+30.62  186.4330  86.4757   59.00  0.02334  0.00657   3.56   842.60    0    0
PSZ1_G124.64+29.38  159.4638  87.2799   60.00  0.00143  0.00347   0.41   867.83    0    0
PSZ1_G125.54-56.25   14.3226   6.5898   61.00 -0.00568  0.00380  -1.49   423.96    0    0
PSZ1_G127.55+20.84   47.7134  82.4289   62.00  0.00182  0.00538   0.34   595.47    0    0
PSZ1_G128.75-17.97   20.6437  44.5438   63.00 -0.00852  0.00464  -1.83   347.64    0    0
PSZ1_G133.50-46.77   20.3546  15.4805   64.00 -0.00713  0.00415  -1.72   388.96    0    1
PSZ1_G134.08-44.61   21.1612  17.5408   65.00 -0.00054  0.00540  -0.10   427.54    0    0
PSZ1_G134.75-56.53   19.3806   5.7320   66.00 -0.00490  0.00379  -1.29   425.46    0    0
PSZ1_G135.68+45.61  167.4548  68.9123   67.00  0.01069  0.00622   1.72   730.15    0    0
PSZ1_G135.92+76.21  188.8189  40.5064   68.00 -0.00278  0.00395  -0.70   507.87    0    0
PSZ1_G140.10+50.09  167.7009  63.5470   69.00 -0.00242  0.00346  -0.70   669.69    0    0
PSZ1_G142.38+22.82   93.4162  71.8725   70.00  0.00402  0.00623   0.64   411.72    0    0
PSZ1_G143.70-08.59   45.1628  48.9905   71.00 -0.00012  0.00440  -0.03   524.81    0    0
PSZ1_G144.99+54.39  168.2620  58.3108   72.00 -0.00051  0.00491  -0.10   571.19    0    1
PSZ1_G150.33-20.04   45.1057  35.8696   73.00 -0.00790  0.00337  -2.34   479.42    0    1
PSZ1_G151.44-64.86   24.5980  -4.6261   74.00  0.00301  0.00589   0.51   435.93    0    0
PSZ1_G153.87+41.05  139.6116  61.0585   75.00 -0.00353  0.00519  -0.68   309.00    0    0
PSZ1_G158.58-52.47   33.7233   4.5175   76.00 -0.00018  0.01098  -0.02   145.67    0    0
PSZ1_G159.29-24.66   50.2451  27.4476   77.00 -0.00580  0.00218  -2.66   437.69    0    0
PSZ1_G160.59+17.41   95.2294  53.9692   78.00 -0.00715  0.00505  -1.41   318.77    0    1
PSZ1_G162.30-26.92   51.1103  24.0124   79.00 -0.00647  0.00442  -1.46   454.44    0    2
PSZ1_G163.03-27.80   51.0750  22.9241   80.00 -0.00540  0.00211  -2.55   450.83    0    0
PSZ1_G169.80+26.10  112.5344  48.3339   81.00 -0.00399  0.00384  -1.04   418.30    0    1
PSZ1_G178.10+18.58  105.5701  38.8365   82.00 -0.00078  0.00534  -0.15   374.64    0    0
PSZ1_G181.12-29.42   61.7207  10.6387   83.00 -0.00146  0.00563  -0.26   284.26    0    1
PSZ1_G182.49-57.09   41.0829  -7.9269   84.00 -0.01034  0.00462  -2.24   206.28    0    0
PSZ1_G185.93-31.21   62.9132   6.2669   85.00  0.00535  0.00840   0.64   274.29    0    0
PSZ1_G186.54+85.60  188.3584  29.0089   86.00  0.00116  0.00523   0.22   491.40    0    0
PSZ1_G189.29+07.44   98.7076  24.3844   87.00  0.00323  0.00647   0.50   396.35    0    0
PSZ1_G191.05+12.85  104.9118  25.1396   88.00  0.01057  0.00924   1.14   346.28    0    1
PSZ1_G194.70-58.93   43.2449 -14.2986   89.00  0.01730  0.01186   1.46   269.59    0    0
PSZ1_G194.74-10.10   85.2810  11.1576   90.00 -0.00047  0.00433  -0.11   461.81    0    0
PSZ1_G197.20-59.04   43.7763 -15.4805   91.00 -0.00292  0.00601  -0.49   266.83    0    0
PSZ1_G198.06-12.52   84.8234   7.1226   92.00 -0.00440  0.00426  -1.03   470.81    0    1
PSZ1_G199.70+37.01  133.0630  25.9195   93.00  0.00064  0.00829   0.08   338.11    0    0
PSZ1_G203.42-04.03   94.8861   6.5766   94.00  0.00532  0.00684   0.78   468.41    0    0
PSZ1_G206.64-21.17   81.2039  -4.2352   95.00 -0.00719  0.00457  -1.57   440.07    0    0
PSZ1_G211.25-60.30   45.2742 -22.5328   96.00 -0.00098  0.00717  -0.14   279.08    0    0
PSZ1_G212.63+07.45  109.3666   3.6502   97.00  0.01156  0.00761   1.52   466.14    0    0
PSZ1_G215.84-34.59   72.2594 -17.2233   98.00 -0.00553  0.00371  -1.49   541.96    0    0
PSZ1_G218.41-39.76   67.8610 -20.9135   99.00 -0.00346  0.00723  -0.48   221.78    0    0
PSZ1_G222.39-16.58   91.9538 -15.6829  100.00 -0.00231  0.00359  -0.64   557.94    0    1
PSZ1_G225.39+04.23  112.4147  -9.0832  101.00  0.00933  0.00783   1.19   383.91    0    0
PSZ1_G225.80-66.19   39.8283 -29.8144  102.00  0.00386  0.00632   0.61   405.72    0    0
PSZ1_G226.86-66.47   39.5034 -30.2401  103.00  0.00577  0.00723   0.80   386.95    0    0
PSZ1_G228.24-28.77   81.9525 -25.1817  104.00  0.00057  0.00578   0.10   445.15    0    0
PSZ1_G229.92-28.32   82.9519 -26.4455  105.00  0.00048  0.00549   0.09   467.96    0    1
PSZ1_G231.74-09.98  102.2789 -21.2033  106.00  0.00650  0.00630   1.03   476.87    0    0
PSZ1_G235.05-10.32  103.4494 -24.3002  107.00  0.00538  0.00663   0.81   510.71    0    1
PSZ1_G236.51+48.39  155.1325   5.9977  108.00 -0.00382  0.00379  -1.01   424.57    0    1
PSZ1_G236.57-08.38  106.0875 -24.8093  109.00 -0.00075  0.00540  -0.14   427.18    0    0
PSZ1_G236.57-37.68   74.0077 -34.1364  110.00 -0.00136  0.00641  -0.21   360.44    0    0
PSZ1_G237.94+21.65  133.9327 -10.4564  111.00 -0.00784  0.00297  -2.64   321.94    0    0
PSZ1_G240.42+77.58  181.0764  20.9143  112.00  0.00788  0.00700   1.12   456.94    0    0
PSZ1_G240.67-65.42   39.8975 -35.9414  113.00  0.00514  0.00607   0.85   495.76    0    0
PSZ1_G241.61-59.05   47.5900 -37.6436  114.00  0.00519  0.00723   0.72   387.19    0    0
PSZ1_G241.68-30.47   83.7111 -36.8848  115.00  0.04315  0.01041   4.14   594.32    0    1
PSZ1_G244.48+34.06  147.4657  -7.4912  116.00  0.00703  0.00654   1.08   459.88    0    0
PSZ1_G244.68-51.59   56.7906 -40.4123  117.00 -0.00815  0.00679  -1.20   138.83    0    0
PSZ1_G245.21-65.29   39.4219 -37.8016  118.00 -0.00040  0.00439  -0.09   525.81    0    1
PSZ1_G248.23-20.89   97.5166 -40.0232  119.00 -0.00483  0.00335  -1.44   599.12    0    0
PSZ1_G252.36-32.75   82.7331 -46.2268  120.00 -0.00404  0.00416  -0.97   725.24    0    1
PSZ1_G253.10+29.81  149.3217 -15.7452  121.00 -0.00014  0.00612  -0.02   377.18    0    0
PSZ1_G253.21-10.95  111.9824 -40.6630  122.00  0.00017  0.00954   0.02   209.55    0    0
PSZ1_G258.71+33.27  155.4252 -16.4450  123.00  0.00055  0.00683   0.08   410.07    0    0
PSZ1_G259.04-83.24   18.3700 -31.8876  124.00  0.00192  0.00877   0.22   343.50    0    3
PSZ1_G259.06+24.58  149.5774 -23.1879  125.00 -0.00356  0.00392  -0.91   511.77    0    1
PSZ1_G262.45+49.34  167.7164  -5.4615  126.00  0.01037  0.00819   1.27   390.32    0    0
PSZ1_G264.01+59.77  174.4042   2.6030  127.00  0.00643  0.00699   0.92   430.42    0    0
PSZ1_G265.52-25.58   96.8456 -56.5656  128.00 -0.00229  0.00272  -0.84  1312.04    0    0
PSZ1_G266.66-24.88   98.4894 -57.4427  129.00 -0.00521  0.00261  -2.00   771.98    0    0
PSZ1_G267.16-60.72   38.5035 -48.6646  130.00 -0.00075  0.00420  -0.18   764.60    0    0
PSZ1_G268.56-26.23   96.5751 -59.3790  131.00  0.00090  0.00349   0.26  1064.78    0    0
PSZ1_G268.86+55.92  174.5561  -2.0265  132.00 -0.00264  0.00536  -0.49   373.60    0    0
PSZ1_G269.35-53.39   46.9098 -53.9201  133.00 -0.00124  0.00368  -0.34   819.21    0    0
PSZ1_G272.99-20.73  109.5113 -61.9724  134.00 -0.00087  0.00271  -0.32  1252.88    0    0
PSZ1_G273.13-25.03  100.5555 -63.2198  135.00 -0.00283  0.00205  -1.38  2031.56    0    0
PSZ1_G273.98+05.67  148.0647 -46.8829  136.00  0.00768  0.00738   1.04   481.44    0    0
PSZ1_G279.17-80.06   17.7970 -36.1337  137.00  0.00506  0.00851   0.59   376.70    0    0
PSZ1_G279.45-24.07  105.8260 -68.6390  138.00 -0.00119  0.00400  -0.30   753.62    0    0
PSZ1_G279.52-14.33  128.5355 -64.7135  139.00  0.00007  0.00381   0.02   791.67    0    0
PSZ1_G280.18+14.59  162.2006 -42.7927  140.00 -0.00098  0.00856  -0.11   300.36    0    0
PSZ1_G281.04-24.59  105.2862 -70.1673  141.00  0.00209  0.00457   0.46   778.19    0    0
PSZ1_G286.25+62.68  185.2926   0.7928  142.00 -0.00387  0.00552  -0.70   363.45    0    0
PSZ1_G288.27+11.71  170.8385 -48.6316  143.00  0.01702  0.01626   1.05   171.95    0    0
PSZ1_G288.87-32.97   73.7864 -76.5192  144.00  0.02235  0.00799   2.80   626.94    0    0
PSZ1_G291.18+21.78  178.6168 -39.7860  145.00  0.00411  0.01329   0.31   150.19    0    0
PSZ1_G291.58-23.91  117.7628 -79.2771  146.00  0.01579  0.00898   1.76   430.02    0    0
PSZ1_G294.53-19.66  145.1879 -79.2816  147.00  0.00272  0.00442   0.61   804.49    0    0
PSZ1_G295.98-69.26   16.5024 -47.6643  148.00  0.00314  0.00996   0.31   231.59    0    0
PSZ1_G297.20-44.90   25.8264 -71.6406  149.00  0.02818  0.03493   0.81    57.03    0    0
PSZ1_G301.08-24.08  163.7764 -86.5368  150.00 -0.01194  0.00421  -2.84   227.17    0    1
PSZ1_G303.89-18.52  198.9364 -81.3522  151.00 -0.00301  0.00827  -0.36   241.93    0    0
PSZ1_G303.94-24.33  211.2297 -87.0561  152.00 -0.00022  0.00915  -0.02   252.36    0    0
PSZ1_G307.10-10.17  206.6979 -72.5963  153.00 -0.00094  0.00573  -0.16   489.04    0    0
PSZ1_G309.93+09.20  204.3976 -53.0369  154.00  0.07004  0.02398   2.92   183.85    0    0
PSZ1_G311.65-18.48  237.5553 -78.2006  155.00  0.03275  0.02030   1.61   174.80    0    0
PSZ1_G311.94-33.25  323.2551 -80.0905  156.00 -0.00308  0.00855  -0.36   187.55    0    0
PSZ1_G313.10-22.56  258.7491 -79.7049  157.00 -0.00506  0.00805  -0.63   199.42    0    0
PSZ1_G313.74-65.82    5.8892 -50.7087  158.00 -0.00839  0.00542  -1.55   174.76    0    0
PSZ1_G314.40-28.15  291.2762 -79.7908  159.00  0.00520  0.01076   0.48   260.17    0    0
PSZ1_G316.92-26.91  285.0543 -77.5357  160.00  0.00524  0.01215   0.43   211.40    0    0
PSZ1_G323.49+41.82  208.8776 -18.4754  161.00 -0.00347  0.00714  -0.49   280.45    0    0
PSZ1_G324.22+34.53  212.1512 -25.1274  162.00  0.00128  0.00860   0.15   326.10    0    0
PSZ1_G327.61-06.08  245.4434 -58.4759  163.00  0.10682  0.02377   4.49   271.15    1    2
PSZ1_G330.85+32.30  218.7281 -24.8977  164.00 -0.00102  0.00755  -0.14   371.34    0    0
PSZ1_G334.49-44.23  325.2580 -59.4816  165.00 -0.00345  0.00696  -0.50   369.66    0    0
PSZ1_G337.61+25.41  228.3568 -27.7361  166.00  0.00014  0.00841   0.02   358.25    0    0
PSZ1_G337.99+21.01  231.6376 -31.0959  167.00 -0.00308  0.00770  -0.40   391.77    0    1
PSZ1_G338.05+23.91  229.7079 -28.7224  168.00 -0.01564  0.00446  -3.51   364.49    0    2
PSZ1_G338.62+21.71  231.6894 -30.1883  169.00  0.00579  0.00923   0.63   385.06    0    0
PSZ1_G339.68+16.45  236.4668 -33.6849  170.00 -0.01111  0.00777  -1.43   389.09    0    0
PSZ1_G341.18-65.23  351.3460 -44.9790  171.00 -0.00950  0.01094  -0.87   146.93    0    1
PSZ1_G345.38-39.32  313.0533 -52.8398  172.00 -0.02077  0.05442  -0.38    17.18    0    0
PSZ1_G345.44-28.03  294.3913 -52.5009  173.00 -0.00164  0.01326  -0.12   150.85    0    0
PSZ1_G345.72+23.95  235.7994 -24.3103  174.00  0.00376  0.00837   0.45   404.61    0    0
PSZ1_G345.81+42.38  223.5563 -10.0365  175.00 -0.00771  0.00493  -1.56   408.04    0    0
PSZ1_G346.57+42.71  223.7973  -9.4330  176.00 -0.00421  0.00627  -0.67   410.78    0    0
PSZ1_G352.04+42.25  227.1930  -7.1584  177.00  0.00089  0.01183   0.08   195.09    0    0
PSZ1_G352.42-48.31  325.6210 -46.4662  178.00  0.00333  0.00696   0.48   368.81    0    1
PSZ1_G355.14+55.96  219.1889   4.1634  179.00 -0.00201  0.00629  -0.32   318.13    0    0
PSZ1_G356.52+23.38  243.7033 -17.6901  180.00  0.00273  0.00598   0.46   801.97    0    0
PSZ1_G357.43+30.60  238.6790 -12.2806  181.00  0.01142  0.00844   1.35   458.03    0    0
PSZ2_G002.04-22.15  291.3596 -36.5179  182.00  0.01007  0.01153   0.87   293.50    0    0
PSZ2_G002.88-22.45  292.0148 -35.8761  183.00  0.00776  0.01066   0.73   300.30    0    0
PSZ2_G003.21-76.04  358.3512 -33.2932  184.00  0.02787  0.01248   2.23   332.28    0    0
PSZ2_G006.16-69.49  350.5375 -34.5752  185.00 -0.01183  0.01372  -0.86    68.52    0    0
PSZ2_G008.70-31.44  304.2413 -33.3264  186.00  0.00221  0.00842   0.26   305.00    0    0
PSZ2_G009.04+31.09  244.5860  -4.1893  187.00  0.04201  0.01257   3.34   432.32    0    1
PSZ2_G010.76-16.91  288.9424 -26.9948  188.00  0.04909  0.01795   2.74   303.01    1    2
PSZ2_G013.06-75.46  356.8526 -31.1509  189.00  0.03007  0.01276   2.36   324.86    1    0
PSZ2_G014.72-62.49  341.6335 -32.2011  190.00  0.00533  0.00928   0.57   276.48    0    0
PSZ2_G017.25-70.71  351.1689 -30.6511  191.00 -0.00189  0.01361  -0.14   117.62    0    0
PSZ2_G017.72-51.40  328.7493 -30.1325  192.00 -0.00534  0.00494  -1.08   325.46    0    3
PSZ2_G018.73-15.49  290.7771 -19.3992  193.00  0.01985  0.01327   1.50   302.25    0    0
PSZ2_G018.76-61.65  340.6370 -30.3150  194.00  0.00110  0.00806   0.14   286.27    0    1
PSZ2_G018.92-33.64  309.2781 -25.5930  195.00  0.02699  0.01240   2.18   376.08    0    0
PSZ2_G022.03+17.75  262.1523  -1.2176  196.00 -0.00738  0.00665  -1.11   423.09    0    1
PSZ2_G023.05+20.52  260.1954   0.9685  197.00 -0.00805  0.00699  -1.15   486.30    0    0
PSZ2_G023.87-13.88  291.3960 -14.2055  198.00  0.03660  0.01486   2.46   288.27    0    0
PSZ2_G024.46-18.08  295.5951 -15.4358  199.00 -0.00643  0.00482  -1.33   334.04    0    1
PSZ2_G025.89-46.67  324.6775 -23.9849  200.00  0.00796  0.00876   0.91   343.11    0    0
PSZ2_G026.09-25.62  303.4278 -17.0252  201.00 -0.00028  0.00848  -0.03   303.20    0    0
PSZ2_G026.34-58.64  337.6572 -26.2664  202.00  0.00428  0.00870   0.49   295.13    0    0
PSZ2_G027.23+15.73  266.2912   2.2182  203.00 -0.00631  0.00782  -0.81   410.97    0    0
PSZ2_G027.28+23.79  259.1371   5.9642  204.00 -0.00294  0.00779  -0.38   516.67    0    0
PSZ2_G027.39+15.39  266.6612   2.1911  205.00 -0.01138  0.00652  -1.75   396.10    0    0
PSZ2_G027.77+10.88  270.8407   0.4327  206.00  0.00101  0.01086   0.09   342.71    0    1
PSZ2_G027.92+15.54  266.7672   2.7115  207.00  0.00416  0.00983   0.42   408.94    0    1
PSZ2_G027.99-69.85  350.2088 -27.0300  208.00  0.02441  0.02560   0.95   125.05    0    1
PSZ2_G028.15-08.62  288.4216  -8.1406  209.00  0.00745  0.00975   0.76   308.54    0    1
PSZ2_G029.66-47.63  326.4343 -21.7802  210.00  0.00516  0.00816   0.63   343.08    0    1
PSZ2_G029.80-17.40  297.1337 -10.5278  211.00  0.00682  0.01301   0.52   197.15    0    0
PSZ2_G029.87-17.81  297.5458 -10.6419  212.00  0.00515  0.01097   0.47   233.98    0    1
PSZ2_G030.27-16.94  296.9130  -9.9282  213.00  0.00250  0.01143   0.22   201.78    0    0
PSZ2_G030.70+09.44  273.4417   2.3314  214.00  0.04734  0.01530   3.10   341.62    0    2
PSZ2_G031.37-71.95  352.6812 -26.1713  215.00  0.02368  0.01587   1.49   189.17    0    0
PSZ2_G031.41-19.16  299.4190  -9.8990  216.00 -0.00542  0.00735  -0.74   272.85    0    0
PSZ2_G032.12-14.96  295.8916  -7.4624  217.00 -0.00362  0.00703  -0.51   284.87    0    0
PSZ2_G032.13-44.36  323.6921 -19.1307  218.00  0.00323  0.00732   0.44   382.24    0    0
PSZ2_G032.31+66.07  219.2979  24.3892  219.00  0.01741  0.00825   2.11   535.35    0    0
PSZ2_G032.77+19.69  265.1225   8.7112  220.00  0.04083  0.01257   3.25   485.73    1    1
PSZ2_G033.27-17.54  298.7166  -7.6031  221.00  0.00730  0.00917   0.80   349.15    0    0
PSZ2_G035.89-61.39  341.7593 -22.2282  222.00  0.01207  0.01584   0.76   145.28    0    0
PSZ2_G036.09-17.43  299.8263  -5.1483  223.00  0.00151  0.00875   0.17   263.67    0    0
PSZ2_G036.36+16.01  269.9845  10.1964  224.00 -0.00523  0.00700  -0.75   368.30    0    0
PSZ2_G036.69-15.67  298.5192  -3.8397  225.00 -0.00440  0.00704  -0.63   228.00    0    0
PSZ2_G036.77-16.51  299.2989  -4.1504  226.00 -0.00511  0.00853  -0.60   188.05    0    1
PSZ2_G036.80-14.95  297.9202  -3.4116  227.00 -0.00738  0.00437  -1.69   369.14    0    0
PSZ2_G037.25-16.27  299.2983  -3.6387  228.00 -0.00966  0.00456  -2.12   208.23    0    0
PSZ2_G037.31-21.54  304.0323  -5.9840  229.00 -0.00487  0.00595  -0.82   432.87    0    0
PSZ2_G039.86+18.70  268.9272  14.3620  230.00 -0.01173  0.01146  -1.02    82.17    0    0
PSZ2_G040.11-42.58  324.2706 -13.0963  231.00  0.03642  0.03387   1.08    67.87    0    0
PSZ2_G042.54+18.02  270.6434  16.4014  232.00  0.00223  0.00926   0.24   277.37    0    0
PSZ2_G043.44-41.27  324.1836 -10.2966  233.00  0.04135  0.01304   3.17   375.10    0    0
PSZ2_G044.21+52.13  235.7545  27.8333  234.00  0.00718  0.01005   0.71   299.22    0    1
PSZ2_G044.83+10.02  279.1641  15.0805  235.00 -0.00212  0.00501  -0.42   399.34    0    0
PSZ2_G045.20+15.63  274.0146  17.7622  236.00  0.04421  0.01374   3.22   372.30    0    0
PSZ2_G045.47+17.80  272.0322  18.8743  237.00  0.03646  0.01145   3.18   500.50    0    0
PSZ2_G045.50-08.62  296.3535   7.0747  238.00  0.00366  0.00936   0.39   246.17    0    0
PSZ2_G045.96-26.94  312.5349  -1.5905  239.00 -0.00145  0.00533  -0.27   433.86    0    0
PSZ2_G046.36-06.83  295.1839   8.6860  240.00  0.00026  0.00581   0.04   482.65    0    0
PSZ2_G046.39+11.71  278.2492  17.1920  241.00  0.00142  0.00558   0.25   502.44    0    0
PSZ2_G047.53+08.55  281.7441  16.8432  242.00  0.02297  0.02953   0.78    67.48    0    0
PSZ2_G048.39-16.78  304.8894   5.4829  243.00  0.00315  0.00636   0.50   473.18    0    0
PSZ2_G048.47+34.86  255.5350  27.1467  244.00  0.00618  0.00568   1.09   624.67    0    0
PSZ2_G051.40-61.15  344.5480 -15.2724  245.00  0.01512  0.02327   0.65    85.68    0    0
PSZ2_G051.48-30.87  318.3989   0.5196  246.00  0.00551  0.00622   0.89   449.33    0    0
PSZ2_G052.08+46.13  243.4439  32.0814  247.00 -0.00297  0.00351  -0.85   734.39    0    0
PSZ2_G053.80+36.49  254.9008  31.7432  248.00  0.00259  0.00430   0.60   864.26    0    0
PSZ2_G057.09+11.19  283.5194  26.4830  249.00  0.01275  0.00679   1.88   611.20    0    0
PSZ2_G058.31+41.96  249.0508  36.0554  250.00  0.00980  0.00648   1.51   596.27    0    0
PSZ2_G058.42-33.50  323.8823   3.8818  251.00 -0.00056  0.00654  -0.09   393.04    0    0
PSZ2_G059.52+16.23  279.3394  30.6642  252.00  0.02849  0.00921   3.09   555.83    0    0
PSZ2_G059.76+14.59  281.1949  30.2468  253.00  0.01178  0.00609   1.93   724.82    0    0
PSZ2_G064.98+16.71  281.1499  35.6970  254.00 -0.00319  0.00333  -0.96   842.68    0    0
PSZ2_G065.35-08.01  306.5168  24.1352  255.00 -0.00645  0.00338  -1.91   280.56    0    0
PSZ2_G066.59-58.51  346.8558  -7.5423  256.00 -0.00468  0.00509  -0.92   315.93    0    1
PSZ2_G066.76-08.42  307.7696  25.0448  257.00 -0.00388  0.00377  -1.03   534.81    0    0
PSZ2_G067.21-20.49  318.3645  18.0579  258.00 -0.00055  0.00546  -0.10   513.65    0    0
PSZ2_G067.72-24.13  321.5994  16.0812  259.00 -0.00708  0.00449  -1.58   448.11    0    1
PSZ2_G069.47-29.06  326.5036  13.9876  260.00  0.03581  0.01945   1.84   173.53    0    0
PSZ2_G071.67-42.76  337.7250   5.7014  261.00 -0.00757  0.00487  -1.55   194.11    0    0
PSZ2_G072.96-12.26  315.3095  27.5524  262.00 -0.01543  0.00601  -2.57   469.10    0    1
PSZ2_G075.08+19.83  281.6992  45.7759  263.00  0.02642  0.00644   4.10   988.38    0    0
PSZ2_G076.51+21.73  279.6574  47.6284  264.00  0.00563  0.00369   1.53  1266.67    0    1
PSZ2_G076.81-32.57  333.6922  15.9245  265.00  0.00987  0.00946   1.04   338.13    0    0
PSZ2_G077.67+30.59  266.7472  50.4720  266.00  0.00535  0.00338   1.58  1582.59    0    0
PSZ2_G079.36+38.06  254.8539  52.0757  267.00  0.01512  0.00527   2.87  1070.03    0    1
PSZ2_G081.60+18.47  286.7628  51.1126  268.00  0.00157  0.00432   0.36   784.37    0    0
PSZ2_G082.06+27.23  273.0413  53.8117  269.00  0.00032  0.00246   0.13  1997.56    0    0
PSZ2_G084.15-08.63  320.9363  38.1347  270.00 -0.00999  0.00623  -1.60   485.17    0    0
PSZ2_G084.69-58.60  354.0406  -1.4336  271.00  0.00029  0.00663   0.04   347.93    0    0
PSZ2_G086.07-41.99  345.6385  12.9523  272.00 -0.00334  0.00361  -0.92   445.00    0    0
PSZ2_G086.35-13.94  327.4345  35.7104  273.00  0.01163  0.00654   1.78   590.38    0    0
PSZ2_G089.06-11.79  328.2215  39.0646  274.00  0.01361  0.00692   1.97   637.89    0    0
PSZ2_G090.12-13.87  330.9179  38.0895  275.00  0.05486  0.01145   4.79   605.58    1    1
PSZ2_G091.27-38.62  347.3346  17.8953  276.00  0.00251  0.00604   0.42   463.84    0    0
PSZ2_G091.56+08.50  309.0663  54.9836  277.00  0.04485  0.00760   5.90  1053.86    1    0
PSZ2_G092.11-33.73  345.4059  22.4833  278.00  0.00094  0.00535   0.18   479.93    0    0
PSZ2_G092.34+14.22  301.0280  58.7276  279.00  0.00705  0.00390   1.81  1341.35    0    1
PSZ2_G092.46-35.22  346.4590  21.3244  280.00 -0.00387  0.00425  -0.91   472.25    0    0
PSZ2_G092.64+20.78  289.1859  61.6802  281.00  0.01534  0.00336   4.57  2427.95    0    0
PSZ2_G092.69+59.92  216.6347  51.2521  282.00  0.00403  0.00478   0.84   743.65    0    0
PSZ2_G093.04-32.38  345.4276  24.0403  283.00  0.00198  0.00580   0.34   482.67    0    0
PSZ2_G093.41-16.26  335.9786  38.0070  284.00  0.03042  0.00907   3.35   587.55    0    1
PSZ2_G093.71-30.90  345.1839  25.6114  285.00  0.00820  0.00697   1.18   485.14    0    0
PSZ2_G093.94+13.75  303.3307  59.8340  286.00  0.00039  0.00303   0.13  1175.35    0    0
PSZ2_G094.31-11.31  333.2399  42.5788  287.00  0.01789  0.00760   2.35   597.64    0    0
PSZ2_G095.00-37.14  349.3564  20.5736  288.00  0.00042  0.00548   0.08   468.78    0    0
PSZ2_G095.75-11.16  334.7028  43.5134  289.00 -0.00296  0.00314  -0.94   639.43    0    0
PSZ2_G096.10+12.46  307.8286  60.9109  290.00 -0.00016  0.00334  -0.05   959.34    0    1
PSZ2_G096.43-20.89  342.0362  35.5560  291.00  0.05281  0.01152   4.58   551.80    1    0
PSZ2_G097.37-17.11  340.6789  39.2821  292.00  0.00879  0.00644   1.37   576.18    0    0
PSZ2_G098.38+77.22  199.6059  38.5853  293.00 -0.00234  0.00415  -0.56   557.80    0    0
PSZ2_G098.39+57.68  215.5698  54.9011  294.00 -0.00353  0.00332  -1.06   698.17    0    0
PSZ2_G098.62+51.76  222.8271  59.3307  295.00  0.00049  0.00498   0.10   605.05    0    0
PSZ2_G099.62+14.86  307.6362  65.0936  296.00 -0.00127  0.00233  -0.54  1294.65    0    1
PSZ2_G100.07+17.06  303.5893  66.6117  297.00 -0.00149  0.00240  -0.62  1336.97    0    0
PSZ2_G100.22+33.81  258.4193  69.3734  298.00  0.00754  0.00245   3.08  2993.40    0    0
PSZ2_G100.38+16.73  304.6811  66.7030  299.00 -0.00120  0.00243  -0.49  1321.43    0    0
PSZ2_G100.45+16.79  304.6407  66.7855  300.00 -0.00334  0.00194  -1.72  1328.85    0    0
PSZ2_G104.15-38.85  357.2018  21.7235  301.00  0.00414  0.00550   0.75   508.40    0    0
PSZ2_G104.52+39.39  239.4819  70.3849  302.00 -0.00096  0.00294  -0.33  1213.61    0    0
PSZ2_G104.58-15.41  347.9583  43.8836  303.00 -0.00127  0.00551  -0.23   419.18    0    0
PSZ2_G105.00+39.68  238.1512  70.5334  304.00  0.01441  0.00493   2.92  1142.74    0    0
PSZ2_G105.94-16.14  350.0239  43.6923  305.00  0.00029  0.00530   0.06   528.86    0    0
PSZ2_G106.11+24.11  290.3513  74.5561  306.00  0.05515  0.00647   8.52  1679.41    1    0
PSZ2_G106.21+26.32  282.1361  75.0587  307.00  0.03561  0.00544   6.54  1709.78    1    0
PSZ2_G106.48-10.42  347.6370  49.1955  308.00 -0.00050  0.00566  -0.09   407.73    0    0
PSZ2_G107.41-09.57  348.4458  50.3256  309.00 -0.00368  0.00545  -0.67   367.63    0    0
PSZ2_G107.83-45.45    1.8955  16.1308  310.00 -0.00076  0.00650  -0.12   431.11    0    1
PSZ2_G110.69-46.25    4.0992  15.7851  311.00  0.00477  0.00949   0.50   242.74    0    0
PSZ2_G112.07-39.86    3.8730  22.2454  312.00 -0.00261  0.00457  -0.57   438.20    0    0
PSZ2_G112.54+59.53  202.4759  56.8124  313.00  0.00019  0.00562   0.03   536.56    0    1
PSZ2_G112.69+33.37  245.1021  79.1816  314.00  0.00147  0.00325   0.45  1145.53    0    0
PSZ2_G114.98+19.10  328.8992  79.1533  315.00  0.00304  0.00319   0.95  1165.32    0    0
PSZ2_G115.34-54.89    8.4668   7.7219  316.00 -0.00542  0.00972  -0.56   165.05    0    1
PSZ2_G116.05+20.00  329.9461  80.4907  317.00 -0.00427  0.00193  -2.21  1042.17    0    0
PSZ2_G117.11+11.48  352.4867  73.4334  318.00 -0.00045  0.00383  -0.12   670.84    0    0
PSZ2_G117.38-52.47    9.4267  10.2485  319.00 -0.00637  0.00260  -2.45   366.71    0    0
PSZ2_G118.79+47.50  200.8033  69.3635  320.00  0.00491  0.00547   0.90   678.90    0    0
PSZ2_G120.36+26.03  307.7576  87.4583  321.00  0.00143  0.00389   0.37   773.88    0    0
PSZ2_G120.75+25.39  323.9867  87.3829  322.00  0.00016  0.00405   0.04   744.35    0    1
PSZ2_G120.76+44.14  198.1617  72.8899  323.00  0.02724  0.00809   3.37   658.61    0    1
PSZ2_G121.87-45.97   12.0892  16.8876  324.00 -0.00643  0.00226  -2.85   423.51    0    0
PSZ2_G122.81+24.74   10.3561  87.6156  325.00 -0.00569  0.00246  -2.31   657.83    0    0
PSZ2_G123.35+25.39   25.3317  88.2207  326.00  0.00220  0.00483   0.46   579.59    0    0
PSZ2_G123.84+25.75   43.8750  88.4005  327.00 -0.00373  0.00355  -1.05   565.62    0    0
PSZ2_G124.11+25.02   40.0123  87.6441  328.00 -0.00583  0.00281  -2.08   576.07    0    0
PSZ2_G124.56+25.38   53.1306  87.7221  329.00 -0.00161  0.00419  -0.38   551.28    0    1
PSZ2_G125.11+28.14  131.0119  87.8182  330.00  0.00340  0.00410   0.83   825.48    0    0
PSZ2_G125.25+33.33  175.5136  83.4778  331.00  0.03348  0.00963   3.48   531.06    0    0
PSZ2_G125.41+27.95  123.9961  87.6466  332.00 -0.00056  0.00346  -0.16   810.57    0    0
PSZ2_G125.55+32.72  171.3946  83.9581  333.00  0.03527  0.01065   3.31   459.18    1    0
PSZ2_G125.84-18.72   16.6966  44.0575  334.00  0.03116  0.01138   2.74   398.52    0    1
PSZ2_G126.36-19.11   17.3428  43.6337  335.00  0.03335  0.01177   2.83   395.87    0    0
PSZ2_G126.62-53.42   15.0872   9.3811  336.00 -0.00052  0.00546  -0.09   422.64    0    1
PSZ2_G126.72-21.03   17.6030  41.6924  337.00  0.05980  0.01490   4.01   390.78    1    2
PSZ2_G127.35-10.69   19.9231  51.9376  338.00  0.00700  0.01090   0.64   235.31    0    0
PSZ2_G128.15-24.71   18.8768  37.9135  339.00  0.00092  0.00625   0.15   369.07    0    0
PSZ2_G129.99-22.42   21.3891  39.9803  340.00 -0.00046  0.00624  -0.07   369.76    0    0
PSZ2_G130.64+37.16  161.7858  78.0335  341.00 -0.00734  0.00335  -2.19   483.00    0    0
PSZ2_G131.15-14.72   24.6439  47.3943  342.00  0.04508  0.01958   2.30   196.96    0    0
PSZ2_G131.19+14.48   45.8675  75.1996  343.00  0.00020  0.00477   0.04   587.18    0    0
PSZ2_G131.27-25.82   22.2049  36.4447  344.00 -0.00009  0.00631  -0.01   365.92    0    0
PSZ2_G134.26-44.28   21.3587  17.8353  345.00  0.00068  0.00539   0.13   428.01    0    0
PSZ2_G135.94-68.22   17.6739  -5.8457  346.00  0.00024  0.00528   0.05   378.64    0    0
PSZ2_G136.02-47.15   22.0270  14.7831  347.00  0.00005  0.00548   0.01   421.14    0    0
PSZ2_G136.31+54.67  176.9598  60.7656  348.00 -0.00059  0.00593  -0.10   337.34    0    0
PSZ2_G136.33-44.53   22.8257  17.3003  349.00 -0.00171  0.00474  -0.36   422.32    0    0
PSZ2_G137.24+53.93  175.2772  61.1942  350.00 -0.00356  0.00421  -0.85   549.57    0    1
PSZ2_G137.51-09.98   35.6915  50.2844  351.00 -0.00750  0.00373  -2.01   622.97    0    1
PSZ2_G137.58+53.88  174.8622  61.1503  352.00 -0.00756  0.00288  -2.62   562.07    0    1
PSZ2_G139.72-17.13   34.9806  42.8317  353.00  0.01144  0.00744   1.54   498.97    0    0
PSZ2_G141.59+23.69   95.4832  72.8128  354.00  0.00267  0.00585   0.46   438.60    0    0
PSZ2_G143.90+25.06  101.3351  71.0722  355.00 -0.00303  0.00493  -0.62   406.42    0    1
PSZ2_G144.84-35.16   32.4230  24.3554  356.00 -0.01167  0.00962  -1.21    98.04    0    0
PSZ2_G145.25+50.84  163.3572  60.8620  357.00  0.00027  0.00433   0.06   647.44    0    0
PSZ2_G146.10-55.55   25.7706   4.9787  358.00 -0.00610  0.00411  -1.49   392.54    0    0
PSZ2_G146.13+40.97  144.7845  66.4371  359.00 -0.00660  0.00254  -2.61   376.50    0    0
PSZ2_G146.16-48.92   28.1790  11.1670  360.00  0.00247  0.00602   0.41   426.32    0    0
PSZ2_G146.88+17.13   83.5412  65.7206  361.00  0.00702  0.00688   1.02   406.43    0    1
PSZ2_G147.17+42.67  147.4525  64.9221  362.00 -0.00151  0.00475  -0.32   421.66    0    1
PSZ2_G148.60-48.61   29.8158  10.8423  363.00  0.00016  0.00645   0.03   357.87    0    1
PSZ2_G149.73+24.49  102.6640  65.7775  364.00 -0.00686  0.00273  -2.51   349.43    0    0
PSZ2_G150.64-14.21   49.3320  40.6769  365.00  0.01710  0.00901   1.90   490.04    0    0
PSZ2_G152.40+75.00  183.3147  39.8577  366.00  0.00240  0.00649   0.37   464.18    0    1
PSZ2_G152.47+42.11  142.4647  61.6579  367.00 -0.00101  0.00457  -0.22   505.12    0    0
PSZ2_G153.56+36.82  131.1332  62.4117  368.00 -0.00113  0.00450  -0.25   444.85    0    0
PSZ2_G153.68+36.96  131.3866  62.2867  369.00  0.00527  0.00606   0.87   461.48    0    0
PSZ2_G153.80+33.79  124.5597  62.6820  370.00  0.00387  0.00674   0.57   415.06    0    0
PSZ2_G156.24+22.32  101.2349  59.4510  371.00  0.01455  0.01394   1.04   200.50    0    0
PSZ2_G157.07-33.63   42.9258  21.1472  372.00  0.00256  0.00535   0.48   480.27    0    0
PSZ2_G158.45-42.92   38.7207  12.7028  373.00  0.00070  0.00647   0.11   308.70    0    0
PSZ2_G160.94+44.85  143.3681  54.9523  374.00  0.00715  0.00823   0.87   470.30    0    0
PSZ2_G161.73-28.58   49.5734  23.0123  375.00  0.00364  0.00565   0.64   453.78    0    0
PSZ2_G163.22-26.48   52.1190  23.8375  376.00 -0.00419  0.00363  -1.15   443.01    0    0
PSZ2_G163.89+11.55   88.9452  48.5705  377.00  0.00195  0.00689   0.28   334.33    0    0
PSZ2_G164.85-16.55   60.7551  30.3218  378.00  0.00304  0.00756   0.40   398.50    0    0
PSZ2_G165.39+09.22   86.9939  46.1442  379.00  0.00023  0.00525   0.04   380.59    0    0
PSZ2_G165.41+25.93  110.9884  52.1545  380.00 -0.00094  0.00787  -0.12   203.35    0    0
PSZ2_G166.27-24.71   55.6608  23.4115  381.00 -0.00613  0.00424  -1.45   380.21    0    1
PSZ2_G166.27-25.02   55.4346  23.1835  382.00 -0.00583  0.00411  -1.42   391.69    0    1
PSZ2_G166.56-17.69   61.1943  28.3606  383.00 -0.00557  0.00597  -0.93   336.22    0    0
PSZ2_G167.43-53.67   37.3961   0.4951  384.00  0.00036  0.00952   0.04   209.79    0    0
PSZ2_G167.44-38.06   47.3017  12.6199  385.00  0.01102  0.01322   0.83   174.08    0    0
PSZ2_G167.63-43.99   43.5901   7.9529  386.00 -0.00151  0.00639  -0.24   250.77    0    0
PSZ2_G171.48+16.17   99.5214  43.8495  387.00 -0.00421  0.00505  -0.83   317.70    0    1
PSZ2_G171.79-42.08   47.1661   7.4092  388.00 -0.00030  0.00419  -0.07   477.09    0    0
PSZ2_G173.07-36.15   52.0192  11.0394  389.00 -0.00303  0.00390  -0.78   411.75    0    1
PSZ2_G173.76+22.92  109.3682  44.0577  390.00  0.10051  0.02360   4.26   258.36    1    2
PSZ2_G176.07-26.95   60.6379  15.6137  391.00  0.00200  0.00624   0.32   319.96    0    0
PSZ2_G177.03+32.64  123.3526  43.2651  392.00  0.00501  0.00611   0.82   457.70    0    0
PSZ2_G179.33-22.22   66.3755  16.4647  393.00 -0.00182  0.00471  -0.39   546.54    0    2
PSZ2_G179.45-43.92   49.8117   2.1337  394.00  0.02416  0.01173   2.06   316.02    0    0
PSZ2_G180.74-85.21   17.3079 -24.5108  395.00  0.01088  0.00929   1.17   344.47    0    1
PSZ2_G181.88-30.77   61.0893   9.2708  396.00 -0.00619  0.00316  -1.96   300.43    0    1
PSZ2_G183.32-31.51   61.2959   7.8487  397.00  0.00161  0.00655   0.25   304.82    0    0
PSZ2_G183.92-68.82   32.0046 -15.6243  398.00  0.04192  0.01525   2.75   280.66    0    1
PSZ2_G183.92+16.36  105.4894  32.8598  399.00  0.02378  0.01011   2.35   409.92    0    0
PSZ2_G185.45-32.01   62.0170   6.1094  400.00  0.00474  0.00739   0.64   311.53    0    0
PSZ2_G185.50-33.94   60.5059   4.9030  401.00 -0.00192  0.00497  -0.39   322.81    0    0
PSZ2_G185.68+09.82   99.3390  28.6406  402.00  0.02720  0.01076   2.53   385.02    0    0
PSZ2_G185.72-32.23   61.9820   5.7911  403.00 -0.00245  0.00522  -0.47   307.31    0    0
PSZ2_G186.50-13.45   77.9523  16.2059  404.00  0.02552  0.01093   2.33   458.50    0    1
PSZ2_G189.79-37.25   59.9045   0.1319  405.00  0.00093  0.00629   0.15   317.74    0    0
PSZ2_G191.57+58.88  157.4152  33.9099  406.00 -0.00683  0.00212  -3.22   452.70    0    0
PSZ2_G191.82-26.64   69.6538   4.7007  407.00 -0.00386  0.00476  -0.81   421.56    0    1
PSZ2_G192.40-67.89   34.5819 -17.7564  408.00 -0.00584  0.00410  -1.42   392.99    0    1
PSZ2_G193.90+09.41  102.7991  21.1486  409.00  0.03361  0.01103   3.05   443.72    0    0
PSZ2_G194.68-49.76   51.3417  -9.6805  410.00 -0.00581  0.00395  -1.47   508.53    0    0
PSZ2_G195.03-79.43   23.8236 -23.4607  411.00  0.02291  0.01583   1.45   189.70    0    0
PSZ2_G201.20-42.83   59.7072 -10.2163  412.00  0.00621  0.00797   0.78   351.03    0    0
PSZ2_G202.61-26.26   74.9620  -3.3718  413.00  0.00838  0.00853   0.98   396.37    0    2
PSZ2_G202.66+66.98  166.8142  28.7965  414.00 -0.00818  0.00304  -2.69   314.24    0    0
PSZ2_G203.32+08.91  106.5419  12.5539  415.00  0.02836  0.01034   2.74   450.60    0    2
PSZ2_G203.71+50.82  148.7731  26.3309  416.00  0.00083  0.00518   0.16   445.52    0    0
PSZ2_G204.91-69.71   34.6922 -22.6225  417.00  0.00052  0.00786   0.07   254.17    0    0
PSZ2_G206.55-43.22   61.1063 -13.9000  418.00 -0.00226  0.00555  -0.41   360.94    0    0
PSZ2_G208.57-44.31   60.6747 -15.6733  419.00 -0.00792  0.00258  -3.07   370.86    0    1
PSZ2_G210.02-56.38   49.1152 -20.7779  420.00  0.01780  0.00652   2.73   714.52    0    0
PSZ2_G210.37-37.00   68.1827 -14.0503  421.00 -0.00621  0.00486  -1.28   194.10    0    0
PSZ2_G210.71+63.08  162.9235  24.9692  422.00  0.00169  0.00684   0.25   337.05    0    0
PSZ2_G210.78-36.25   69.0298 -14.0494  423.00 -0.00299  0.00577  -0.52   277.87    0    0
PSZ2_G215.25-87.14   16.0648 -27.2075  424.00  0.00125  0.00700   0.18   329.59    0    0
PSZ2_G215.75-32.97   73.7970 -16.5573  425.00 -0.00362  0.00542  -0.67   369.74    0    1
PSZ2_G216.25+10.10  113.3568   1.6767  426.00 -0.00197  0.00477  -0.41   419.74    0    0
PSZ2_G218.58+08.71  113.1884  -1.0031  427.00  0.03318  0.01120   2.96   415.99    0    0
PSZ2_G224.86-79.51   24.5816 -28.8074  428.00 -0.00289  0.00433  -0.67   534.51    0    0
PSZ2_G225.18-33.61   75.9984 -24.1888  429.00  0.01576  0.00899   1.75   446.16    0    0
PSZ2_G225.76-17.35   92.5720 -18.9449  430.00  0.04829  0.01079   4.48   581.39    1    0
PSZ2_G226.12-19.51   90.6140 -20.1029  431.00  0.03807  0.01047   3.64   537.90    0    1
PSZ2_G226.15+09.02  117.0195  -7.4467  432.00  0.00683  0.01369   0.50   145.70    0    0
PSZ2_G227.30+09.00  117.5642  -8.4398  433.00  0.03362  0.01519   2.21   243.84    0    0
PSZ2_G227.44-31.24   79.1245 -25.2856  434.00 -0.00029  0.00628  -0.05   446.71    0    0
PSZ2_G228.35-66.31   39.6692 -30.8391  435.00  0.02265  0.01012   2.24   381.29    0    0
PSZ2_G229.40-15.49   95.8814 -21.4042  436.00  0.02310  0.00815   2.83   628.30    0    0
PSZ2_G230.28-28.57   82.7881 -26.8247  437.00 -0.00580  0.00343  -1.69   471.08    0    0
PSZ2_G231.41+77.48  179.9967  22.5808  438.00  0.00073  0.00565   0.13   454.47    0    0
PSZ2_G232.27+12.59  123.1990 -10.8506  439.00  0.02219  0.01193   1.86   310.65    0    0
PSZ2_G232.45-17.44   95.1723 -24.8617  440.00  0.00071  0.00561   0.13   662.72    0    0
PSZ2_G233.12-26.25   86.1638 -28.5031  441.00  0.00038  0.00560   0.07   538.55    0    1
PSZ2_G233.43-15.36   97.6808 -24.9288  442.00 -0.00640  0.00343  -1.86   587.06    0    0
PSZ2_G233.46+25.46  134.8023  -4.9223  443.00 -0.00450  0.00465  -0.97   345.43    0    0
PSZ2_G234.09+10.45  122.2898 -13.4885  444.00  0.02873  0.01332   2.16   289.80    0    0
PSZ2_G235.96+38.21  146.5462   0.4861  445.00 -0.00386  0.00364  -1.06   441.88    0    0
PSZ2_G237.68+57.83  163.3788  10.8158  446.00 -0.00872  0.00502  -1.74   188.80    0    0
PSZ2_G240.03-19.81   95.6319 -32.4179  447.00  0.02181  0.00866   2.52   578.36    0    0
PSZ2_G240.71-74.03   29.8348 -33.5395  448.00  0.02079  0.01035   2.01   358.24    0    0
PSZ2_G241.41-65.88   39.2630 -36.1301  449.00 -0.00286  0.00405  -0.71   494.15    0    1
PSZ2_G241.91+07.79  124.2631 -21.4343  450.00 -0.00598  0.00527  -1.13   305.66    0    0
PSZ2_G241.98+19.56  134.4558 -14.7420  451.00 -0.00194  0.00567  -0.34   353.30    0    1
PSZ2_G242.74-11.66  105.6922 -31.7029  452.00  0.02151  0.00956   2.25   418.78    0    1
PSZ2_G243.00-65.94   38.9778 -36.7376  453.00 -0.00232  0.00404  -0.57   495.38    0    0
PSZ2_G245.66-07.40  111.7015 -32.4179  454.00  0.00961  0.00862   1.11   348.52    0    0
PSZ2_G246.45-07.68  111.8393 -33.2310  455.00  0.01627  0.00960   1.69   351.60    0    0
PSZ2_G246.86-12.29  107.0409 -35.6274  456.00 -0.00093  0.00488  -0.19   473.65    0    0
PSZ2_G246.91+24.65  141.5201 -15.1874  457.00  0.02090  0.00965   2.16   399.71    0    0
PSZ2_G247.14+25.88  142.6283 -14.5478  458.00  0.05782  0.01411   4.10   391.74    0    0
PSZ2_G248.95-20.71   98.0224 -40.6087  459.00  0.00529  0.00649   0.82   493.53    0    0
PSZ2_G250.43-09.02  112.6019 -37.3537  460.00  0.02042  0.01174   1.74   287.51    0    2
PSZ2_G250.47-33.97   80.7593 -44.7921  461.00  0.00586  0.00588   1.00   574.84    0    0
PSZ2_G250.73+22.85  142.5033 -19.0000  462.00  0.00162  0.00595   0.27   470.60    0    0
PSZ2_G251.21-16.74  103.9363 -41.2525  463.00  0.02702  0.00843   3.21   594.05    0    0
PSZ2_G251.55-42.78   68.2533 -45.8395  464.00  0.03109  0.00825   3.77   728.76    0    1
PSZ2_G252.45+73.44  179.6442  16.0051  465.00  0.00496  0.00630   0.79   443.88    0    0
PSZ2_G252.51+20.02  141.4442 -22.1319  466.00  0.00148  0.00590   0.25   475.02    0    1
PSZ2_G253.43+30.57  150.0920 -15.4101  467.00  0.03175  0.01091   2.91   415.71    0    0
PSZ2_G253.44-10.93  112.1382 -40.8546  468.00 -0.00868  0.00515  -1.69   183.97    0    0
PSZ2_G253.95+39.12  156.4540  -9.5223  469.00 -0.00248  0.00506  -0.49   395.74    0    0
PSZ2_G254.10+19.95  142.4823 -23.2730  470.00  0.00400  0.00558   0.72   501.22    0    0
PSZ2_G254.52+08.27  132.8766 -31.2645  471.00  0.02271  0.00935   2.43   457.89    0    0
PSZ2_G254.52+62.52  172.4883   7.5847  472.00  0.00240  0.00594   0.40   431.88    0    0
PSZ2_G256.41+32.31  153.2545 -15.8915  473.00  0.02240  0.00927   2.42   461.62    0    1
PSZ2_G260.80+06.71  136.2993 -37.0250  474.00  0.00966  0.00709   1.36   523.20    0    0
PSZ2_G261.11+34.90  158.0988 -16.4441  475.00  0.00256  0.00686   0.37   374.16    0    0
PSZ2_G261.67-10.97  117.3343 -48.0421  476.00  0.07230  0.01407   5.14   481.20    1    0
PSZ2_G263.65+27.87  155.3216 -23.3149  477.00  0.02351  0.01055   2.23   379.64    0    0
PSZ2_G263.96+40.64  163.5169 -13.1794  478.00 -0.00526  0.00428  -1.23   375.84    0    0
PSZ2_G264.52-17.77  109.4666 -53.4518  479.00  0.00323  0.00647   0.50   432.69    0    0
PSZ2_G265.35+08.06  141.4942 -39.3761  480.00  0.02575  0.00986   2.61   508.37    0    0
PSZ2_G265.60-46.87   58.7616 -54.7467  481.00 -0.00911  0.00287  -3.18   566.71    0    2
PSZ2_G266.50-25.31   97.6560 -57.3855  482.00 -0.00461  0.00230  -2.00  1009.43    0    0
PSZ2_G267.30-46.19   59.1299 -56.0793  483.00  0.00237  0.00466   0.51   726.22    0    0
PSZ2_G267.55+09.14  144.5157 -40.0882  484.00 -0.00839  0.00353  -2.38   458.89    0    0
PSZ2_G268.07+09.39  145.2401 -40.2459  485.00  0.01708  0.00887   1.93   451.68    0    0
PSZ2_G269.02+46.30  169.7937 -10.3987  486.00  0.00085  0.00718   0.12   358.02    0    1
PSZ2_G270.07-20.02  109.0293 -59.1584  487.00  0.01639  0.00493   3.32  1238.23    0    1
PSZ2_G270.45-14.50  118.9005 -57.2499  488.00  0.02245  0.00765   2.93   639.63    0    1
PSZ2_G270.88+37.23  166.3311 -18.9486  489.00  0.01384  0.00997   1.39   355.87    0    0
PSZ2_G271.04-12.16  123.1562 -56.5993  490.00  0.01940  0.00640   3.03   896.46    0    0
PSZ2_G271.15+21.10  157.0897 -32.7955  491.00  0.01090  0.00905   1.20   353.37    0    0
PSZ2_G271.53+36.41  166.3725 -19.9188  492.00  0.01275  0.00904   1.41   373.83    0    0
PSZ2_G271.55+26.00  160.5608 -28.8802  493.00  0.02479  0.01176   2.11   352.62    0    1
PSZ2_G274.73-16.79  118.6130 -61.9600  494.00  0.02212  0.00850   2.60   576.28    0    0
PSZ2_G275.24-40.42   65.5394 -63.5877  495.00  0.00482  0.00514   0.94   780.34    0    0
PSZ2_G275.73-06.12  137.0152 -56.6951  496.00  0.00121  0.00832   0.14   336.60    0    0
PSZ2_G276.14-07.68  135.3478 -58.0304  497.00  0.04301  0.01420   3.03   344.71    0    1
PSZ2_G276.46-21.52  110.1691 -65.2939  498.00  0.03196  0.00865   3.70   684.38    0    0
PSZ2_G277.93+12.34  158.0674 -43.6660  499.00  0.02355  0.01069   2.20   400.78    0    0
PSZ2_G278.32-18.77  117.9170 -65.9040  500.00  0.00551  0.00470   1.17   968.27    0    2
PSZ2_G278.56+10.74  157.6282 -45.3503  501.00  0.02011  0.01029   1.95   375.18    0    0
PSZ2_G278.79+08.54  156.2233 -47.3374  502.00  0.01696  0.01095   1.55   324.02    0    0
PSZ2_G278.87+16.70  162.0431 -40.3359  503.00  0.01073  0.00918   1.17   368.23    0    0
PSZ2_G278.91-15.76  124.9708 -64.9912  504.00  0.00316  0.00407   0.78   949.69    0    1
PSZ2_G278.92+31.06  169.7376 -27.4578  505.00  0.04819  0.01502   3.21   325.73    0    0
PSZ2_G278.94-17.62  121.0917 -65.9301  506.00  0.01722  0.00583   2.95   932.24    0    0
PSZ2_G280.39-10.48  136.6507 -63.0360  507.00  0.02968  0.00894   3.32   584.02    0    0
PSZ2_G280.78-52.22   40.3064 -59.9276  508.00  0.00362  0.00936   0.39   274.30    0    0
PSZ2_G281.48-08.34  141.6462 -62.3463  509.00  0.02120  0.01182   1.79   299.95    0    0
PSZ2_G282.32-40.15   60.2229 -68.5513  510.00 -0.00000  0.00286  -0.00  1246.85    0    0
PSZ2_G284.30-26.75   99.8762 -73.4026  511.00  0.01334  0.00585   2.28   836.83    0    0
PSZ2_G285.18+16.11  169.0743 -43.4528  512.00  0.05296  0.01853   2.86   244.80    0    0
PSZ2_G285.28-47.35   42.5380 -65.4994  513.00  0.02702  0.01384   1.95   267.80    0    0
PSZ2_G285.85-46.36   43.4112 -66.5062  514.00 -0.00173  0.00762  -0.23   262.62    0    0
PSZ2_G286.07-42.75   49.7588 -69.2222  515.00 -0.00606  0.03361  -0.18    27.80    0    0
PSZ2_G286.32-30.62   85.3794 -75.0626  516.00  0.04774  0.00602   7.92  1796.42    1    0
PSZ2_G286.66-23.93  111.5332 -74.9867  517.00  0.04806  0.00994   4.84   673.19    0    0
PSZ2_G287.55-14.25  141.6886 -70.7315  518.00  0.02683  0.00956   2.81   499.76    1    1
PSZ2_G288.06-46.73   39.8015 -67.1621  519.00  0.00044  0.00808   0.05   247.26    0    0
PSZ2_G289.30-28.95   91.0689 -77.8446  520.00  0.03427  0.00744   4.61   911.02    0    0
PSZ2_G289.50-47.49   36.6101 -67.0819  521.00  0.06784  0.01586   4.28   366.90    1    0
PSZ2_G289.50+32.71  179.9769 -28.8047  522.00  0.01194  0.01084   1.10   257.70    0    0
PSZ2_G290.38+37.57  181.9786 -24.2360  523.00 -0.00568  0.00610  -0.93   263.32    0    0
PSZ2_G290.83-45.84   36.8519 -68.9655  524.00 -0.00209  0.00828  -0.25   241.51    0    1
PSZ2_G291.34+14.70  176.4088 -46.6820  525.00 -0.00221  0.01098  -0.20   145.87    0    0
PSZ2_G292.04+22.91  179.9441 -38.8609  526.00  0.04709  0.02300   2.05   146.69    0    0
PSZ2_G292.22-43.33   38.2313 -71.6195  527.00  0.00660  0.01141   0.58   201.95    0    0
PSZ2_G292.69-18.32  143.7571 -77.1034  528.00 -0.00539  0.00434  -1.24   371.08    0    0
PSZ2_G292.77-23.80  120.5493 -80.2479  529.00 -0.00386  0.00697  -0.55   369.18    0    0
PSZ2_G292.84-16.57  149.2667 -75.9083  530.00  0.10121  0.02235   4.53   264.47    1    0
PSZ2_G293.09+43.20  185.2897 -19.0906  531.00 -0.00309  0.00637  -0.48   314.32    0    1
PSZ2_G293.17-14.35  155.4661 -74.3156  532.00 -0.00468  0.00309  -1.51   523.67    0    1
PSZ2_G293.35-10.50  162.5449 -71.0898  533.00  0.01093  0.01200   0.91   232.96    0    0
PSZ2_G293.63+08.25  177.2786 -53.4890  534.00 -0.00277  0.00821  -0.34   243.94    0    0
PSZ2_G293.80-40.77   39.4301 -74.4142  535.00  0.00465  0.00936   0.50   246.04    0    0
PSZ2_G293.92-17.26  150.8497 -77.0984  536.00  0.00910  0.00786   1.16   382.07    0    0
PSZ2_G294.28-19.03  146.5610 -78.6590  537.00 -0.00444  0.00298  -1.49   674.53    0    0
PSZ2_G294.31-14.18  159.3040 -74.7606  538.00 -0.00290  0.00388  -0.75   414.73    0    0
PSZ2_G294.37-14.33  159.2047 -74.9175  539.00 -0.00541  0.02902  -0.19    32.16    0    0
PSZ2_G294.45-13.94  160.1930 -74.6249  540.00  0.00058  0.00455   0.13   507.33    0    0
PSZ2_G295.00-37.76   42.9758 -77.4498  541.00 -0.00646  0.00651  -0.99   246.61    0    0
PSZ2_G295.36+24.29  184.0871 -38.0594  542.00 -0.00038  0.01397  -0.03   114.55    0    0
PSZ2_G295.61-17.50  156.2506 -78.2432  543.00 -0.00663  0.00189  -3.51   509.46    0    0
PSZ2_G295.92-39.39   36.5378 -76.4195  544.00 -0.00098  0.00433  -0.23   647.51    0    0
PSZ2_G296.59-10.50  171.9015 -72.3373  545.00  0.01159  0.00545   2.13   785.91    0    0
PSZ2_G296.88-17.07  162.5493 -78.4985  546.00  0.00179  0.00441   0.41   634.24    0    0
PSZ2_G297.31-34.68   43.9911 -81.0392  547.00 -0.00567  0.00527  -1.08   305.24    0    0
PSZ2_G297.64-11.94  173.7429 -74.0285  548.00 -0.00802  0.00415  -1.93   228.83    0    0
PSZ2_G297.91+31.43  187.8533 -31.2422  549.00  0.01428  0.01361   1.05   220.90    0    0
PSZ2_G299.54+17.83  188.3018 -44.9185  550.00  0.03837  0.01328   2.89   341.58    0    0
PSZ2_G299.68-60.21   15.8068 -56.8424  551.00 -0.00436  0.00768  -0.57   208.91    0    0
PSZ2_G303.75-32.86    6.0181 -84.2207  552.00 -0.01233  0.00493  -2.50   193.28    0    0
PSZ2_G303.98-18.29  199.3557 -81.1092  553.00  0.00469  0.01004   0.47   255.60    0    0
PSZ2_G304.95-18.60  205.5794 -81.2788  554.00  0.00087  0.01001   0.09   230.59    0    0
PSZ2_G305.14-33.60  357.0183 -83.2463  555.00 -0.00885  0.00556  -1.59   170.25    0    0
PSZ2_G305.55-42.77    5.7782 -74.2064  556.00 -0.00094  0.00452  -0.21   568.66    0    0
PSZ2_G305.59-54.80    9.5578 -62.2546  557.00  0.02144  0.01730   1.24   161.45    0    0
PSZ2_G305.76+44.79  194.9768 -18.0330  558.00  0.01860  0.01236   1.50   273.19    0    0
PSZ2_G305.96-25.45  251.9190 -86.8107  559.00  0.04163  0.01768   2.36   226.55    0    0
PSZ2_G305.96-37.15  359.2901 -79.6525  560.00  0.03360  0.01806   1.86   196.36    0    0
PSZ2_G306.23+11.92  197.9731 -50.8189  561.00  0.03661  0.01331   2.75   350.15    1    1
PSZ2_G306.62-41.25    1.6583 -75.5472  562.00 -0.00044  0.00926  -0.05   215.84    0    0
PSZ2_G307.23+16.35  198.8399 -46.3162  563.00 -0.00778  0.00540  -1.44   298.43    0    0
PSZ2_G308.04-15.48  216.0946 -77.4268  564.00  0.06853  0.02039   3.36   245.36    0    0
PSZ2_G309.62-19.95  234.8254 -80.5657  565.00 -0.00134  0.01015  -0.13   197.02    0    0
PSZ2_G310.22+23.02  201.5512 -39.3545  566.00  0.01952  0.01341   1.46   288.18    0    0
PSZ2_G310.81+83.91  193.7525  21.0948  567.00 -0.00411  0.00427  -0.96   469.45    0    0
PSZ2_G311.18-47.76  357.6798 -68.3801  568.00  0.00629  0.00807   0.78   372.87    0    0
PSZ2_G311.23-23.00  255.9131 -81.4289  569.00 -0.00510  0.00943  -0.54   170.22    0    0
PSZ2_G311.33-48.50  358.1152 -67.6485  570.00  0.02232  0.00997   2.24   416.10    0    0
PSZ2_G312.35+17.84  205.3896 -44.1040  571.00  0.06590  0.02218   2.97   220.68    0    1
PSZ2_G312.48-28.86  296.6917 -81.3869  572.00  0.00840  0.00978   0.86   285.82    0    0
PSZ2_G314.77-28.57  293.4761 -79.4366  573.00  0.00532  0.01081   0.49   237.35    0    0
PSZ2_G315.66-28.64  293.5013 -78.6476  574.00 -0.00128  0.00850  -0.15   235.39    0    0
PSZ2_G315.71-83.81   11.2292 -33.1467  575.00  0.01333  0.00977   1.36   345.88    0    0
PSZ2_G316.43+54.02  200.8194  -8.0130  576.00  0.02368  0.01344   1.76   263.89    0    1
PSZ2_G316.51-33.21  313.5504 -76.7867  577.00 -0.00924  0.00548  -1.69   172.75    0    0
PSZ2_G316.89-32.24  309.0956 -76.8456  578.00  0.02618  0.02888   0.91    79.67    0    0
PSZ2_G317.79+26.63  208.9920 -34.3670  579.00  0.05780  0.01741   3.32   312.15    1    0
PSZ2_G318.46+83.79  194.6380  21.1366  580.00 -0.00294  0.00424  -0.69   472.20    0    0
PSZ2_G318.54-07.62  232.9243 -65.5214  581.00  0.00857  0.01053   0.81   352.70    0    1
PSZ2_G319.16+26.63  210.4069 -34.0109  582.00 -0.01348  0.00791  -1.70   293.50    0    1
PSZ2_G319.64-65.11    1.8784 -50.5600  583.00  0.00852  0.01866   0.46   106.96    0    0
PSZ2_G320.94+83.69  194.9460  21.1157  584.00  0.00744  0.00675   1.10   474.13    0    0
PSZ2_G321.08-17.96  257.9283 -70.9264  585.00 -0.00900  0.01145  -0.79   140.21    0    0
PSZ2_G321.94+75.57  197.6433  13.4177  586.00 -0.00844  0.00542  -1.56   297.21    0    0
PSZ2_G322.44+20.29  216.6179 -38.9512  587.00  0.08936  0.01527   5.85   533.48    0    0
PSZ2_G322.74-42.10  330.7661 -67.9635  588.00  0.00884  0.01446   0.61   193.48    0    0
PSZ2_G323.31+27.37  214.2706 -32.0827  589.00  0.01509  0.01099   1.37   365.20    0    0
PSZ2_G323.70-25.45  282.4324 -71.3248  590.00 -0.00742  0.01401  -0.53   143.00    0    0
PSZ2_G323.77-33.80  308.3536 -70.8782  591.00  0.00508  0.01468   0.35   174.85    0    0
PSZ2_G323.96+43.81  208.5255 -16.4826  592.00  0.02836  0.01280   2.21   312.87    0    1
PSZ2_G325.19+49.12  207.4979 -11.1993  593.00  0.02444  0.01186   2.06   349.77    0    0
PSZ2_G325.25-33.72  307.2512 -69.7017  594.00 -0.00459  0.01273  -0.36   157.19    0    0
PSZ2_G325.86-33.56  306.4916 -69.2387  595.00 -0.01571  0.00598  -2.63   159.42    0    0
PSZ2_G327.27+11.05  227.8356 -45.1025  596.00  0.01019  0.01065   0.96   390.32    0    1
PSZ2_G327.66-54.26  345.9076 -57.3802  597.00  0.00237  0.00679   0.35   378.22    0    0
PSZ2_G328.05+15.79  225.4370 -40.6348  598.00  0.13680  0.02420   5.65   319.66    1    0
PSZ2_G328.96+71.97  200.8033  10.7282  599.00 -0.00170  0.00942  -0.18   272.93    0    0
PSZ2_G329.29+29.18  218.9842 -28.2837  600.00  0.00597  0.01078   0.55   329.88    0    0
PSZ2_G332.11-23.63  281.8545 -63.4670  601.00  0.02026  0.02218   0.91   144.40    0    1
PSZ2_G337.23-12.59  265.3503 -54.7811  602.00  0.04759  0.02731   1.74   129.83    0    0
PSZ2_G337.90+23.58  229.8026 -29.0701  603.00 -0.00481  0.00703  -0.68   366.39    0    1
PSZ2_G337.91-12.15  265.2563 -53.9835  604.00 -0.00814  0.01602  -0.51   124.99    0    0
PSZ2_G337.92-64.34  351.6722 -46.6118  605.00  0.00314  0.01070   0.29   186.59    0    0
PSZ2_G337.95+22.70  230.4399 -29.7549  606.00  0.01540  0.01057   1.46   365.58    1    0
PSZ2_G337.99-33.61  303.6794 -59.2175  607.00 -0.01229  0.00547  -2.25   173.83    0    0
PSZ2_G338.04+23.65  229.8801 -28.9405  608.00 -0.00826  0.00631  -1.31   367.28    0    2
PSZ2_G338.21+23.46  230.1449 -29.0008  609.00  0.00136  0.00799   0.17   376.94    0    1
PSZ2_G338.25+22.60  230.7619 -29.6805  610.00 -0.00037  0.00820  -0.04   367.76    0    2
PSZ2_G338.52+22.97  230.7419 -29.2307  611.00 -0.01133  0.00554  -2.04   363.66    0    1
PSZ2_G339.74-51.08  333.7590 -53.3557  612.00  0.01003  0.00893   1.12   358.24    0    0
PSZ2_G340.09+22.89  232.1195 -28.4241  613.00  0.00510  0.00875   0.58   365.93    0    0
PSZ2_G340.35-42.80  320.1065 -55.9378  614.00 -0.00908  0.00922  -0.98   217.49    0    0
PSZ2_G340.97+34.18  225.4561 -18.8788  615.00 -0.00196  0.00451  -0.43   862.04    0    0
PSZ2_G341.09-33.15  302.6889 -56.6366  616.00  0.02467  0.02468   1.00   168.40    0    1
PSZ2_G342.32+23.51  233.4872 -26.6588  617.00 -0.00408  0.00719  -0.57   390.62    0    0
PSZ2_G342.45+24.14  233.1550 -26.0996  618.00  0.00299  0.00796   0.38   402.73    0    0
PSZ2_G343.68+24.10  234.1435 -25.4147  619.00  0.01789  0.01060   1.69   391.75    0    0
PSZ2_G343.92+22.67  235.3521 -26.3669  620.00 -0.00183  0.00794  -0.23   404.05    0    0
PSZ2_G345.38-25.32  290.0080 -52.0565  621.00 -0.00768  0.02147  -0.36    74.62    0    1
PSZ2_G347.96+80.46  200.0335  20.2121  622.00  0.00141  0.00714   0.20   279.53    0    0
PSZ2_G349.18+38.66  227.9724 -11.2785  623.00  0.05080  0.02255   2.25   183.86    0    0
PSZ2_G349.50-06.85  266.9918 -41.4479  624.00  0.02096  0.02017   1.04   191.73    0    1
PSZ2_G353.36-26.49  294.1021 -45.2954  625.00  0.04144  0.01524   2.72   305.82    1    0
PSZ2_G355.22-70.03  352.8318 -37.9115  626.00  0.00416  0.01875   0.22    85.21    0    0
PSZ2_G356.21-43.11  317.8340 -44.4344  627.00  0.02980  0.01231   2.42   336.65    0    0
PSZ2_G356.88-11.33  276.5106 -37.0974  628.00  0.89009  0.08193  10.86   150.70    0    2
PSZ2_G358.80-10.83  276.9624 -35.1774  629.00  0.09793  0.03785   2.59   119.88    0    0
PSZ2_G359.60-08.72  275.0918 -33.5317  630.00 -0.00047  0.01924  -0.02   133.65    0    0
PSZ2_G359.67-07.23  273.5496 -32.7910  631.00  0.14252  0.03966   3.59   134.32    1    0
